<?xml version="1.0" encoding="UTF-8"?>
<!-- Generated by org.testng.reporters.JUnitReportReporter -->
<testsuite skipped="0" hostname="SINDIYA-DIPIN" name="testng.files.DataProviderTest" tests="9" failures="0" timestamp="2020-07-05T10:04:19 IST" time="0.019" errors="0">
  <testcase name="verifyData1" time="0.001" classname="testng.files.DataProviderTest"/>
  <system-out/>
  <testcase name="testDataProvider1" time="0.001" classname="testng.files.DataProviderTest"/>
  <system-out/>
  <testcase name="testDataProvider2" time="0.003" classname="testng.files.DataProviderTest"/>
  <system-out/>
  <testcase name="methodWithSingleAttribute" time="0.006" classname="testng.files.DataProviderTest"/>
  <system-out/>
  <testcase name="methodWithSingleAttribute" time="0.003" classname="testng.files.DataProviderTest"/>
  <system-out/>
  <testcase name="testDataProvider2" time="0.002" classname="testng.files.DataProviderTest"/>
  <system-out/>
  <testcase name="methodWithSingleAttribute" time="0.001" classname="testng.files.DataProviderTest"/>
  <system-out/>
  <testcase name="testDataProvider1" time="0.001" classname="testng.files.DataProviderTest"/>
  <system-out/>
  <testcase name="verifyData1" time="0.001" classname="testng.files.DataProviderTest"/>
  <system-out/>
</testsuite> <!-- testng.files.DataProviderTest -->
