<?xml version="1.0" encoding="UTF-8"?>
<!-- Generated by org.testng.reporters.JUnitReportReporter -->
<testsuite skipped="4" hostname="SINDIYA-DIPIN" name="testng.practice.RetryTests" tests="5" failures="0" timestamp="2020-07-05T12:33:32 IST" time="0.015" errors="0">
  <testcase name="fail2" time="0.002" classname="testng.practice.RetryTests">
    <skipped/>
  </testcase> <!-- fail2 -->
  <system-out/>
  <testcase name="fail2" time="0.002" classname="testng.practice.RetryTests">
    <skipped/>
  </testcase> <!-- fail2 -->
  <system-out/>
  <testcase name="fail2" time="0.009" classname="testng.practice.RetryTests">
    <skipped/>
  </testcase> <!-- fail2 -->
  <system-out/>
  <testcase name="fail2" time="0.001" classname="testng.practice.RetryTests">
    <skipped/>
  </testcase> <!-- fail2 -->
  <system-out/>
  <testcase name="fail2" time="0.001" classname="testng.practice.RetryTests"/>
  <system-out/>
</testsuite> <!-- testng.practice.RetryTests -->
